


ARM Macro Assembler    Page 1 


    1 00000000         ;; Tinh BCLN
    2 00000000         ;; Giai thuat eculid
    3 00000000         ;; while(a != b)
    4 00000000         ;;{
    5 00000000         ;; if (a > b)
    6 00000000         ;;  a = a - b
    7 00000000         ;; else if (a < b)
    8 00000000         ;;  b = b - a
    9 00000000         ;;}
   10 00000000         
   11 00000000         ;AREA RESET, DATA, READONLY
   12 00000000         ;DCD 0x20000000
   13 00000000         ;DCD MAIN
   14 00000000         
   15 00000000         ;Num1 DCD 18
   16 00000000         ;Num2 DCD 16
   17 00000000         
   18 00000000         ;AREA MAINSOURCE, CODE, READONLY
   19 00000000         ;ENTRY
   20 00000000         
   21 00000000         ;; ket qua luu o R0 
   22 00000000         ;MAIN 
   23 00000000         ;LDR R0, Num1 ; gan phan tu number 1, R0 = 18
   24 00000000         ;LDR R1, Num2 ; gan phan tu number 2, R1 = 16
   25 00000000         
   26 00000000         ;LOOP
   27 00000000         ;CMP R0, R1
   28 00000000         ;BEQ STOP
   29 00000000         ;BGT NEXT1
   30 00000000         ;BLT NEXT2
   31 00000000         
   32 00000000         ;NEXT1
   33 00000000         ;SUB R0, R1 ; R0 = R0 - R1
   34 00000000         ;B LOOP
   35 00000000         
   36 00000000         ;NEXT2 
   37 00000000         ;SUB R1, R0 ; R1 = R1 - R0
   38 00000000         ;B LOOP
   39 00000000         
   40 00000000         ;STOP B STOP
   41 00000000         
   42 00000000         ;END
                       
Command Line: --debug --xref --cpu=Cortex-M3 --apcs=interwork --depend=.\bai07.
d -o.\bai07.o -IC:\Keil\ARM\RV31\INC -IC:\Keil\ARM\CMSIS\Include -IC:\Keil\ARM\
Inc\ST\STM32F10x --list=.\bai07.lst Bai07.s
330 symbols in table
