


ARM Macro Assembler    Page 1 


    1 00000000         ;; Tinh tong 1 + 2^2 + 3^3 + ... + N^N
    2 00000000         
    3 00000000         ;AREA RESET, DATA, READONLY
    4 00000000         ;DCD 0x20000000
    5 00000000         ;DCD MAIN
    6 00000000         
    7 00000000         ;X DCD 2
    8 00000000         ;N DCD 3
    9 00000000         
   10 00000000         ;AREA MAINCODE, CODE, READONLY
   11 00000000         ;ENTRY
   12 00000000         
   13 00000000         ;MAIN
   14 00000000         ;LDR R1, X ; X = 2
   15 00000000         ;MOV R2, #1 ; SUM = 1
   16 00000000         ;MOV R3, #2 ; I = 2
   17 00000000         ;MOV R4, #1
   18 00000000         ;LDR R6, N
   19 00000000         
   20 00000000         ;LOOP 
   21 00000000         ;CMP R3, R6 
   22 00000000         ;BGT STOP
   23 00000000         ;MOV R5, R3 ; J = I
   24 00000000         
   25 00000000         ;TinhNMuN
   26 00000000         ;CMP R5, #0
   27 00000000         ;BEQ NEXT
   28 00000000         ;MUL R4, R1
   29 00000000         ;SUB R5, 1
   30 00000000         ;B TinhNMuN
   31 00000000         
   32 00000000         ;NEXT
   33 00000000         ;ADD R2, R4
   34 00000000         ;ADD R3, 1
   35 00000000         ;MOV R4, 1
   36 00000000         ;B LOOP
   37 00000000         
   38 00000000         ;STOP B STOP
   39 00000000         ;END
   40 00000000         
                       
Command Line: --debug --xref --cpu=Cortex-M3 --apcs=interwork --depend=.\bai04.
d -o.\bai04.o -IC:\Keil\ARM\RV31\INC -IC:\Keil\ARM\CMSIS\Include -IC:\Keil\ARM\
Inc\ST\STM32F10x --list=.\bai04.lst Bai04.s
330 symbols in table
