


ARM Macro Assembler    Page 1 


    1 00000000         ;; Lab01 bai 01 tinh tong cac so 1->n
    2 00000000         
    3 00000000         ;; Khai bao 
    4 00000000         ;AREA RESET, DATA, READONLY
    5 00000000         ;DCD 0x20000000
    6 00000000         ;DCD Start
    7 00000000         
    8 00000000         ;AREA MAINSOURCE, CODE, READONLY
    9 00000000         ;ENTRY
   10 00000000         
   11 00000000         ;Start 
   12 00000000         ;MOV R2, #0
   13 00000000         ;MOV R1, #1
   14 00000000         
   15 00000000         ;LOOP
   16 00000000         ;CMP R3, #5
   17 00000000         ;BGT STOP
   18 00000000         ;ADD R2, R3
   19 00000000         ;ADD R3, #1
   20 00000000         ;B LOOP
   21 00000000         ;STOP B STOP
   22 00000000         ;END
   23 00000000         
                       
Command Line: --debug --xref --cpu=Cortex-M3 --apcs=interwork --depend=.\bai01.
d -o.\bai01.o -IC:\Keil\ARM\RV31\INC -IC:\Keil\ARM\CMSIS\Include -IC:\Keil\ARM\
Inc\ST\STM32F10x --list=.\bai01.lst Bai01.s
330 symbols in table
