


ARM Macro Assembler    Page 1 


    1 00000000         ;; Tong cac co < n chia het cho 5
    2 00000000         ;AREA RESET, DATA, READONLY
    3 00000000         ;DCD 0x20000000
    4 00000000         ;DCD Start
    5 00000000         
    6 00000000         ;AREA MAINSOURCE, CODE, READONLY
    7 00000000         ;ENTRY
    8 00000000         
    9 00000000         ;N EQU 10 
   10 00000000         
   11 00000000         ;Start
   12 00000000         ;MOV R0, N
   13 00000000         ;MOV R1, #0
   14 00000000         ;MOV R2, #5
   15 00000000         
   16 00000000         ;Loop
   17 00000000         ;CMP R2, R0
   18 00000000         ;BGT Stop
   19 00000000         ;ADD R1, R2
   20 00000000         ;ADD R2, #5
   21 00000000         ;B Loop
   22 00000000         
   23 00000000         ;Stop B Stop
   24 00000000         ;END
   25 00000000         
                       
Command Line: --debug --xref --cpu=Cortex-M3 --apcs=interwork --depend=.\bai03.
d -o.\bai03.o -IC:\Keil\ARM\RV31\INC -IC:\Keil\ARM\CMSIS\Include -IC:\Keil\ARM\
Inc\ST\STM32F10x --list=.\bai03.lst Bai03.s
330 symbols in table
