


ARM Macro Assembler    Page 1 


    1 00000000         ;; Tong cac phan tu trong chuoi
    2 00000000         ;AREA RESET, DATA, READONLY
    3 00000000         ;DCD 0x20000000
    4 00000000         ;DCD MAIN
    5 00000000         
    6 00000000         ;Chuoi DCD 4, 5, 6, 7, 8
    7 00000000         ;SoLuongPhanTu DCD 5
    8 00000000         
    9 00000000         ;AREA MAINSOURCE, CODE, READONLY
   10 00000000         ;ENTRY
   11 00000000         
   12 00000000         ;; Tong luu o R0
   13 00000000         ;; R1 se dau chuoi
   14 00000000         ;; R2 se la chieu dai Chuoi
   15 00000000         ;; R3 se la offset, phan tu duoc load ra
   16 00000000         ;MAIN 
   17 00000000         ;MOV R0, #0
   18 00000000         ;MOV R3, #0
   19 00000000         
   20 00000000         ;LDR R1, =Chuoi
   21 00000000         ;LDR R2, SoLuongPhanTu
   22 00000000         
   23 00000000         ;; Lap tu 1->n den khi ket thuc chieu dai cua chuoi
   24 00000000         ;LOOP
   25 00000000         ;LDR R3, [R1], #4
   26 00000000         ;ADD R0, R3
   27 00000000         ;SUB R2, #1
   28 00000000         
   29 00000000         ;CMP R2, 0
   30 00000000         ;BEQ STOP
   31 00000000         
   32 00000000         ;B LOOP
   33 00000000         
   34 00000000         ;STOP B STOP
   35 00000000         ;END
   36 00000000         
   37 00000000         
   38 00000000         
   39 00000000         
                       
Command Line: --debug --xref --cpu=Cortex-M3 --apcs=interwork --depend=.\lab02_
01.d -o.\lab02_01.o -IC:\Keil\ARM\RV31\INC -IC:\Keil\ARM\CMSIS\Include -IC:\Kei
l\ARM\Inc\ST\STM32F10x --list=.\lab02_01.lst Lab02_01.s
330 symbols in table
